<?xml version="1.0" encoding="UTF-8"?>
<!-- Generated by org.testng.reporters.JUnitXMLReporter -->
<testsuite ignored="0" hostname="DESKTOP-OH8HCEN" failures="0" tests="2" name="TestOnFChrome" time="0.208" errors="0" timestamp="2022-10-16T21:54:30 IST">
  <testcase classname="CrossBrowserTesting.Cross_Browser_Deom" name="@BeforeMethod LaunchBrowser" time="0.022">
    <failure type="java.lang.NullPointerException" message="Cannot invoke &amp;quot;org.openqa.selenium.WebDriver.manage()&amp;quot; because &amp;quot;this.driver&amp;quot; is null">
      <![CDATA[java.lang.NullPointerException: Cannot invoke "org.openqa.selenium.WebDriver.manage()" because "this.driver" is null
at CrossBrowserTesting.Cross_Browser_Deom.LaunchBrowser(Cross_Browser_Deom.java:24)
at java.base/java.util.ArrayList.forEach(ArrayList.java:1511)
at java.base/java.util.concurrent.FutureTask.run(FutureTask.java:264)
at java.base/java.util.concurrent.ThreadPoolExecutor.runWorker(ThreadPoolExecutor.java:1136)
at java.base/java.util.concurrent.ThreadPoolExecutor$Worker.run(ThreadPoolExecutor.java:635)
at java.base/java.lang.Thread.run(Thread.java:833)
... Removed 22 stack frames]]>
    </failure>
  </testcase> <!-- @BeforeMethod LaunchBrowser -->
  <testcase classname="CrossBrowserTesting.Cross_Browser_Deom" name="@AfterMethod quit_browser" time="-1.665937469915E9">
    <skipped/>
  </testcase> <!-- @AfterMethod quit_browser -->
  <testcase classname="CrossBrowserTesting.Cross_Browser_Deom" name="VerifyTitle" time="0.0">
    <skipped/>
  </testcase> <!-- VerifyTitle -->
  <testcase classname="CrossBrowserTesting.Cross_Browser_Deom" name="VerifyTitle" time="0.0">
    <skipped/>
  </testcase> <!-- VerifyTitle -->
</testsuite> <!-- TestOnFChrome -->
